# JRE version: OpenJDK Runtime Environment (7.0_65-b32) (build 1.7.0_65-b32)
# Java VM: OpenJDK 64-Bit Server VM (24.65-b04 mixed mode linux-amd64 compressed oops)
Heap
 PSYoungGen      total 225280K, used 13015K [0x00000000eb680000, 0x0000000100000000, 0x0000000100000000)
  eden space 113152K, 0% used [0x00000000eb680000,0x00000000eb680000,0x00000000f2500000)
  from space 112128K, 11% used [0x00000000f2500000,0x00000000f31b5c98,0x00000000f9280000)
  to   space 112128K, 0% used [0x00000000f9280000,0x00000000f9280000,0x0000000100000000)
 ParOldGen       total 455680K, used 454728K [0x00000000c2400000, 0x00000000de100000, 0x00000000eb680000)
  object space 455680K, 99% used [0x00000000c2400000,0x00000000de0122d8,0x00000000de100000)
 PSPermGen       total 28160K, used 14054K [0x00000000b7e00000, 0x00000000b9980000, 0x00000000c2400000)
  object space 28160K, 49% used [0x00000000b7e00000,0x00000000b8bb9a20,0x00000000b9980000)
GC Heap History (10 events):
Event: 10.253 GC heap after
Heap after GC invocations=24 (full 5):
 PSYoungGen      total 235008K, used 15638K [0x00000000eb680000, 0x0000000100000000, 0x0000000100000000)
  eden space 132608K, 0% used [0x00000000eb680000,0x00000000eb680000,0x00000000f3800000)
  from space 102400K, 15% used [0x00000000f3800000,0x00000000f4745b80,0x00000000f9c00000)
  to   space 97280K, 0% used [0x00000000fa100000,0x00000000fa100000,0x0000000100000000)
 ParOldGen       total 455680K, used 325250K [0x00000000c2400000, 0x00000000de100000, 0x00000000eb680000)
  object space 455680K, 71% used [0x00000000c2400000,0x00000000d61a08a0,0x00000000de100000)
 PSPermGen       total 28160K, used 14049K [0x00000000b7e00000, 0x00000000b9980000, 0x00000000c2400000)
  object space 28160K, 49% used [0x00000000b7e00000,0x00000000b8bb8708,0x00000000b9980000)
}
Event: 10.424 GC heap before
{Heap before GC invocations=25 (full 5):
 PSYoungGen      total 235008K, used 148246K [0x00000000eb680000, 0x0000000100000000, 0x0000000100000000)
  eden space 132608K, 100% used [0x00000000eb680000,0x00000000f3800000,0x00000000f3800000)
  from space 102400K, 15% used [0x00000000f3800000,0x00000000f4745b80,0x00000000f9c00000)
  to   space 97280K, 0% used [0x00000000fa100000,0x00000000fa100000,0x0000000100000000)
 ParOldGen       total 455680K, used 325250K [0x00000000c2400000, 0x00000000de100000, 0x00000000eb680000)
  object space 455680K, 71% used [0x00000000c2400000,0x00000000d61a08a0,0x00000000de100000)
 PSPermGen       total 28160K, used 14050K [0x00000000b7e00000, 0x00000000b9980000, 0x00000000c2400000)
  object space 28160K, 49% used [0x00000000b7e00000,0x00000000b8bb8910,0x00000000b9980000)
Event: 10.565 GC heap after
Heap after GC invocations=25 (full 5):
 PSYoungGen      total 222720K, used 44320K [0x00000000eb680000, 0x00000000ff400000, 0x0000000100000000)
  eden space 137728K, 0% used [0x00000000eb680000,0x00000000eb680000,0x00000000f3d00000)
  from space 84992K, 52% used [0x00000000fa100000,0x00000000fcc480b0,0x00000000ff400000)
  to   space 93696K, 0% used [0x00000000f3d00000,0x00000000f3d00000,0x00000000f9880000)
 ParOldGen       total 455680K, used 332274K [0x00000000c2400000, 0x00000000de100000, 0x00000000eb680000)
  object space 455680K, 72% used [0x00000000c2400000,0x00000000d687c8a0,0x00000000de100000)
 PSPermGen       total 28160K, used 14050K [0x00000000b7e00000, 0x00000000b9980000, 0x00000000c2400000)
  object space 28160K, 49% used [0x00000000b7e00000,0x00000000b8bb8910,0x00000000b9980000)
}
Event: 10.730 GC heap before
{Heap before GC invocations=26 (full 5):
 PSYoungGen      total 222720K, used 182048K [0x00000000eb680000, 0x00000000ff400000, 0x0000000100000000)
  eden space 137728K, 100% used [0x00000000eb680000,0x00000000f3d00000,0x00000000f3d00000)
  from space 84992K, 52% used [0x00000000fa100000,0x00000000fcc480b0,0x00000000ff400000)
  to   space 93696K, 0% used [0x00000000f3d00000,0x00000000f3d00000,0x00000000f9880000)
 ParOldGen       total 455680K, used 332274K [0x00000000c2400000, 0x00000000de100000, 0x00000000eb680000)
  object space 455680K, 72% used [0x00000000c2400000,0x00000000d687c8a0,0x00000000de100000)
 PSPermGen       total 28160K, used 14052K [0x00000000b7e00000, 0x00000000b9980000, 0x00000000c2400000)
  object space 28160K, 49% used [0x00000000b7e00000,0x00000000b8bb90c8,0x00000000b9980000)
Event: 10.842 GC heap after
Heap after GC invocations=26 (full 5):
 PSYoungGen      total 231424K, used 80256K [0x00000000eb680000, 0x0000000100000000, 0x0000000100000000)
  eden space 137728K, 0% used [0x00000000eb680000,0x00000000eb680000,0x00000000f3d00000)
  from space 93696K, 85% used [0x00000000f3d00000,0x00000000f8b600c0,0x00000000f9880000)
  to   space 103424K, 0% used [0x00000000f9b00000,0x00000000f9b00000,0x0000000100000000)
 ParOldGen       total 455680K, used 332274K [0x00000000c2400000, 0x00000000de100000, 0x00000000eb680000)
  object space 455680K, 72% used [0x00000000c2400000,0x00000000d687c8a0,0x00000000de100000)
 PSPermGen       total 28160K, used 14052K [0x00000000b7e00000, 0x00000000b9980000, 0x00000000c2400000)
  object space 28160K, 49% used [0x00000000b7e00000,0x00000000b8bb90c8,0x00000000b9980000)
}
Event: 11.003 GC heap before
{Heap before GC invocations=27 (full 5):
 PSYoungGen      total 231424K, used 217984K [0x00000000eb680000, 0x0000000100000000, 0x0000000100000000)
  eden space 137728K, 100% used [0x00000000eb680000,0x00000000f3d00000,0x00000000f3d00000)
  from space 93696K, 85% used [0x00000000f3d00000,0x00000000f8b600c0,0x00000000f9880000)
  to   space 103424K, 0% used [0x00000000f9b00000,0x00000000f9b00000,0x0000000100000000)
 ParOldGen       total 455680K, used 332274K [0x00000000c2400000, 0x00000000de100000, 0x00000000eb680000)
  object space 455680K, 72% used [0x00000000c2400000,0x00000000d687c8a0,0x00000000de100000)
 PSPermGen       total 28160K, used 14054K [0x00000000b7e00000, 0x00000000b9980000, 0x00000000c2400000)
  object space 28160K, 49% used [0x00000000b7e00000,0x00000000b8bb9a60,0x00000000b9980000)
Event: 11.145 GC heap after
Heap after GC invocations=27 (full 5):
 PSYoungGen      total 216576K, used 103392K [0x00000000eb680000, 0x0000000100000000, 0x0000000100000000)
  eden space 113152K, 0% used [0x00000000eb680000,0x00000000eb680000,0x00000000f2500000)
  from space 103424K, 99% used [0x00000000f9b00000,0x00000000ffff80c0,0x0000000100000000)
  to   space 112128K, 0% used [0x00000000f2500000,0x00000000f2500000,0x00000000f9280000)
 ParOldGen       total 455680K, used 342986K [0x00000000c2400000, 0x00000000de100000, 0x00000000eb680000)
  object space 455680K, 75% used [0x00000000c2400000,0x00000000d72f28a0,0x00000000de100000)
 PSPermGen       total 28160K, used 14054K [0x00000000b7e00000, 0x00000000b9980000, 0x00000000c2400000)
  object space 28160K, 49% used [0x00000000b7e00000,0x00000000b8bb9a60,0x00000000b9980000)
}
Event: 11.295 GC heap before
{Heap before GC invocations=28 (full 5):
 PSYoungGen      total 216576K, used 216544K [0x00000000eb680000, 0x0000000100000000, 0x0000000100000000)
  eden space 113152K, 100% used [0x00000000eb680000,0x00000000f2500000,0x00000000f2500000)
  from space 103424K, 99% used [0x00000000f9b00000,0x00000000ffff80c0,0x0000000100000000)
  to   space 112128K, 0% used [0x00000000f2500000,0x00000000f2500000,0x00000000f9280000)
 ParOldGen       total 455680K, used 342986K [0x00000000c2400000, 0x00000000de100000, 0x00000000eb680000)
  object space 455680K, 75% used [0x00000000c2400000,0x00000000d72f28a0,0x00000000de100000)
 PSPermGen       total 28160K, used 14054K [0x00000000b7e00000, 0x00000000b9980000, 0x00000000c2400000)
  object space 28160K, 49% used [0x00000000b7e00000,0x00000000b8bb9a60,0x00000000b9980000)
Event: 11.586 GC heap after
Heap after GC invocations=28 (full 5):
 PSYoungGen      total 225280K, used 76064K [0x00000000eb680000, 0x0000000100000000, 0x0000000100000000)
  eden space 113152K, 0% used [0x00000000eb680000,0x00000000eb680000,0x00000000f2500000)
  from space 112128K, 67% used [0x00000000f2500000,0x00000000f6f48050,0x00000000f9280000)
  to   space 112128K, 0% used [0x00000000f9280000,0x00000000f9280000,0x0000000100000000)
 ParOldGen       total 455680K, used 412751K [0x00000000c2400000, 0x00000000de100000, 0x00000000eb680000)
  object space 455680K, 90% used [0x00000000c2400000,0x00000000db713f18,0x00000000de100000)
 PSPermGen       total 28160K, used 14054K [0x00000000b7e00000, 0x00000000b9980000, 0x00000000c2400000)
  object space 28160K, 49% used [0x00000000b7e00000,0x00000000b8bb9a60,0x00000000b9980000)
}
Event: 11.586 GC heap before
{Heap before GC invocations=29 (full 6):
 PSYoungGen      total 225280K, used 76064K [0x00000000eb680000, 0x0000000100000000, 0x0000000100000000)
  eden space 113152K, 0% used [0x00000000eb680000,0x00000000eb680000,0x00000000f2500000)
  from space 112128K, 67% used [0x00000000f2500000,0x00000000f6f48050,0x00000000f9280000)
  to   space 112128K, 0% used [0x00000000f9280000,0x00000000f9280000,0x0000000100000000)
 ParOldGen       total 455680K, used 412751K [0x00000000c2400000, 0x00000000de100000, 0x00000000eb680000)
  object space 455680K, 90% used [0x00000000c2400000,0x00000000db713f18,0x00000000de100000)
 PSPermGen       total 28160K, used 14054K [0x00000000b7e00000, 0x00000000b9980000, 0x00000000c2400000)
  object space 28160K, 49% used [0x00000000b7e00000,0x00000000b8bb9a60,0x00000000b9980000)

