# JRE version: OpenJDK Runtime Environment (7.0_65-b32) (build 1.7.0_65-b32)
# Java VM: OpenJDK 64-Bit Server VM (24.65-b04 mixed mode linux-amd64 compressed oops)
Heap
 PSYoungGen      total 245248K, used 8043K [0x00000000eb680000, 0x00000000ffc80000, 0x0000000100000000)
  eden space 160768K, 0% used [0x00000000eb680000,0x00000000eb680000,0x00000000f5380000)
  from space 84480K, 9% used [0x00000000faa00000,0x00000000fb1daf80,0x00000000ffc80000)
  to   space 86528K, 0% used [0x00000000f5380000,0x00000000f5380000,0x00000000fa800000)
 ParOldGen       total 412160K, used 412021K [0x00000000c2400000, 0x00000000db680000, 0x00000000eb680000)
  object space 412160K, 99% used [0x00000000c2400000,0x00000000db65d5d8,0x00000000db680000)
 PSPermGen       total 28160K, used 14026K [0x00000000b7e00000, 0x00000000b9980000, 0x00000000c2400000)
  object space 28160K, 49% used [0x00000000b7e00000,0x00000000b8bb2a08,0x00000000b9980000)
GC Heap History (10 events):
Event: 16.019 GC heap after
Heap after GC invocations=17 (full 4):
 PSYoungGen      total 237056K, used 44288K [0x00000000eb680000, 0x00000000ffd80000, 0x0000000100000000)
  eden space 143360K, 0% used [0x00000000eb680000,0x00000000eb680000,0x00000000f4280000)
  from space 93696K, 47% used [0x00000000f4280000,0x00000000f6dc0000,0x00000000f9e00000)
  to   space 90624K, 0% used [0x00000000fa500000,0x00000000fa500000,0x00000000ffd80000)
 ParOldGen       total 316928K, used 267444K [0x00000000c2400000, 0x00000000d5980000, 0x00000000eb680000)
  object space 316928K, 84% used [0x00000000c2400000,0x00000000d292d310,0x00000000d5980000)
 PSPermGen       total 29184K, used 14019K [0x00000000b7e00000, 0x00000000b9a80000, 0x00000000c2400000)
  object space 29184K, 48% used [0x00000000b7e00000,0x00000000b8bb0ef8,0x00000000b9a80000)
}
Event: 16.019 GC heap before
{Heap before GC invocations=18 (full 5):
 PSYoungGen      total 237056K, used 44288K [0x00000000eb680000, 0x00000000ffd80000, 0x0000000100000000)
  eden space 143360K, 0% used [0x00000000eb680000,0x00000000eb680000,0x00000000f4280000)
  from space 93696K, 47% used [0x00000000f4280000,0x00000000f6dc0000,0x00000000f9e00000)
  to   space 90624K, 0% used [0x00000000fa500000,0x00000000fa500000,0x00000000ffd80000)
 ParOldGen       total 316928K, used 267444K [0x00000000c2400000, 0x00000000d5980000, 0x00000000eb680000)
  object space 316928K, 84% used [0x00000000c2400000,0x00000000d292d310,0x00000000d5980000)
 PSPermGen       total 29184K, used 14019K [0x00000000b7e00000, 0x00000000b9a80000, 0x00000000c2400000)
  object space 29184K, 48% used [0x00000000b7e00000,0x00000000b8bb0ef8,0x00000000b9a80000)
Event: 17.054 GC heap after
Heap after GC invocations=18 (full 5):
 PSYoungGen      total 237056K, used 0K [0x00000000eb680000, 0x00000000ffd80000, 0x0000000100000000)
  eden space 143360K, 0% used [0x00000000eb680000,0x00000000eb680000,0x00000000f4280000)
  from space 93696K, 0% used [0x00000000f4280000,0x00000000f4280000,0x00000000f9e00000)
  to   space 90624K, 0% used [0x00000000fa500000,0x00000000fa500000,0x00000000ffd80000)
 ParOldGen       total 412160K, used 311289K [0x00000000c2400000, 0x00000000db680000, 0x00000000eb680000)
  object space 412160K, 75% used [0x00000000c2400000,0x00000000d53fe558,0x00000000db680000)
 PSPermGen       total 28160K, used 14019K [0x00000000b7e00000, 0x00000000b9980000, 0x00000000c2400000)
  object space 28160K, 49% used [0x00000000b7e00000,0x00000000b8bb0ef8,0x00000000b9980000)
}
Event: 17.234 GC heap before
{Heap before GC invocations=19 (full 5):
 PSYoungGen      total 237056K, used 143360K [0x00000000eb680000, 0x00000000ffd80000, 0x0000000100000000)
  eden space 143360K, 100% used [0x00000000eb680000,0x00000000f4280000,0x00000000f4280000)
  from space 93696K, 0% used [0x00000000f4280000,0x00000000f4280000,0x00000000f9e00000)
  to   space 90624K, 0% used [0x00000000fa500000,0x00000000fa500000,0x00000000ffd80000)
 ParOldGen       total 412160K, used 311289K [0x00000000c2400000, 0x00000000db680000, 0x00000000eb680000)
  object space 412160K, 75% used [0x00000000c2400000,0x00000000d53fe558,0x00000000db680000)
 PSPermGen       total 28160K, used 14021K [0x00000000b7e00000, 0x00000000b9980000, 0x00000000c2400000)
  object space 28160K, 49% used [0x00000000b7e00000,0x00000000b8bb1738,0x00000000b9980000)
Event: 17.326 GC heap after
Heap after GC invocations=19 (full 5):
 PSYoungGen      total 239104K, used 46656K [0x00000000eb680000, 0x00000000ff900000, 0x0000000100000000)
  eden space 153088K, 0% used [0x00000000eb680000,0x00000000eb680000,0x00000000f4c00000)
  from space 86016K, 54% used [0x00000000fa500000,0x00000000fd290080,0x00000000ff900000)
  to   space 88576K, 0% used [0x00000000f4c00000,0x00000000f4c00000,0x00000000fa280000)
 ParOldGen       total 412160K, used 311289K [0x00000000c2400000, 0x00000000db680000, 0x00000000eb680000)
  object space 412160K, 75% used [0x00000000c2400000,0x00000000d53fe558,0x00000000db680000)
 PSPermGen       total 28160K, used 14021K [0x00000000b7e00000, 0x00000000b9980000, 0x00000000c2400000)
  object space 28160K, 49% used [0x00000000b7e00000,0x00000000b8bb1738,0x00000000b9980000)
}
Event: 17.510 GC heap before
{Heap before GC invocations=20 (full 5):
 PSYoungGen      total 239104K, used 199744K [0x00000000eb680000, 0x00000000ff900000, 0x0000000100000000)
  eden space 153088K, 100% used [0x00000000eb680000,0x00000000f4c00000,0x00000000f4c00000)
  from space 86016K, 54% used [0x00000000fa500000,0x00000000fd290080,0x00000000ff900000)
  to   space 88576K, 0% used [0x00000000f4c00000,0x00000000f4c00000,0x00000000fa280000)
 ParOldGen       total 412160K, used 311289K [0x00000000c2400000, 0x00000000db680000, 0x00000000eb680000)
  object space 412160K, 75% used [0x00000000c2400000,0x00000000d53fe558,0x00000000db680000)
 PSPermGen       total 28160K, used 14022K [0x00000000b7e00000, 0x00000000b9980000, 0x00000000c2400000)
  object space 28160K, 49% used [0x00000000b7e00000,0x00000000b8bb18e0,0x00000000b9980000)
Event: 18.073 GC heap after
Heap after GC invocations=20 (full 5):
 PSYoungGen      total 241664K, used 49280K [0x00000000eb680000, 0x0000000100000000, 0x0000000100000000)
  eden space 153088K, 0% used [0x00000000eb680000,0x00000000eb680000,0x00000000f4c00000)
  from space 88576K, 55% used [0x00000000f4c00000,0x00000000f7c20090,0x00000000fa280000)
  to   space 88064K, 0% used [0x00000000faa00000,0x00000000faa00000,0x0000000100000000)
 ParOldGen       total 412160K, used 347998K [0x00000000c2400000, 0x00000000db680000, 0x00000000eb680000)
  object space 412160K, 84% used [0x00000000c2400000,0x00000000d77d7870,0x00000000db680000)
 PSPermGen       total 28160K, used 14022K [0x00000000b7e00000, 0x00000000b9980000, 0x00000000c2400000)
  object space 28160K, 49% used [0x00000000b7e00000,0x00000000b8bb18e0,0x00000000b9980000)
}
Event: 18.259 GC heap before
{Heap before GC invocations=21 (full 5):
 PSYoungGen      total 241664K, used 202368K [0x00000000eb680000, 0x0000000100000000, 0x0000000100000000)
  eden space 153088K, 100% used [0x00000000eb680000,0x00000000f4c00000,0x00000000f4c00000)
  from space 88576K, 55% used [0x00000000f4c00000,0x00000000f7c20090,0x00000000fa280000)
  to   space 88064K, 0% used [0x00000000faa00000,0x00000000faa00000,0x0000000100000000)
 ParOldGen       total 412160K, used 347998K [0x00000000c2400000, 0x00000000db680000, 0x00000000eb680000)
  object space 412160K, 84% used [0x00000000c2400000,0x00000000d77d7870,0x00000000db680000)
 PSPermGen       total 28160K, used 14026K [0x00000000b7e00000, 0x00000000b9980000, 0x00000000c2400000)
  object space 28160K, 49% used [0x00000000b7e00000,0x00000000b8bb2a08,0x00000000b9980000)
Event: 18.653 GC heap after
Heap after GC invocations=21 (full 5):
 PSYoungGen      total 245248K, used 49536K [0x00000000eb680000, 0x00000000ffc80000, 0x0000000100000000)
  eden space 160768K, 0% used [0x00000000eb680000,0x00000000eb680000,0x00000000f5380000)
  from space 84480K, 58% used [0x00000000faa00000,0x00000000fda60010,0x00000000ffc80000)
  to   space 86528K, 0% used [0x00000000f5380000,0x00000000f5380000,0x00000000fa800000)
 ParOldGen       total 412160K, used 386671K [0x00000000c2400000, 0x00000000db680000, 0x00000000eb680000)
  object space 412160K, 93% used [0x00000000c2400000,0x00000000d9d9bc40,0x00000000db680000)
 PSPermGen       total 28160K, used 14026K [0x00000000b7e00000, 0x00000000b9980000, 0x00000000c2400000)
  object space 28160K, 49% used [0x00000000b7e00000,0x00000000b8bb2a08,0x00000000b9980000)
}
Event: 18.653 GC heap before
{Heap before GC invocations=22 (full 6):
 PSYoungGen      total 245248K, used 49536K [0x00000000eb680000, 0x00000000ffc80000, 0x0000000100000000)
  eden space 160768K, 0% used [0x00000000eb680000,0x00000000eb680000,0x00000000f5380000)
  from space 84480K, 58% used [0x00000000faa00000,0x00000000fda60010,0x00000000ffc80000)
  to   space 86528K, 0% used [0x00000000f5380000,0x00000000f5380000,0x00000000fa800000)
 ParOldGen       total 412160K, used 386671K [0x00000000c2400000, 0x00000000db680000, 0x00000000eb680000)
  object space 412160K, 93% used [0x00000000c2400000,0x00000000d9d9bc40,0x00000000db680000)
 PSPermGen       total 28160K, used 14026K [0x00000000b7e00000, 0x00000000b9980000, 0x00000000c2400000)
  object space 28160K, 49% used [0x00000000b7e00000,0x00000000b8bb2a08,0x00000000b9980000)

